This file contains any messages produced by compilers while
running configure, to aid debugging if configure makes a mistake.

It was created by configure, which was
generated by GNU Autoconf 2.60.  Invocation command line was

  $ ./configure 

## --------- ##
## Platform. ##
## --------- ##

hostname = pc-jfb
uname -m = i686
uname -r = 2.6.17-11-generic
uname -s = Linux
uname -v = #2 SMP Tue Mar 13 23:32:38 UTC 2007

/usr/bin/uname -p = unknown
/bin/uname -X     = unknown

/bin/arch              = i686
/usr/bin/arch -k       = unknown
/usr/convex/getsysinfo = unknown
/usr/bin/hostinfo      = unknown
/bin/machine           = unknown
/usr/bin/oslevel       = unknown
/bin/universe          = unknown

PATH: /usr/local/sbin
PATH: /usr/local/bin
PATH: /usr/sbin
PATH: /usr/bin
PATH: /sbin
PATH: /bin
PATH: /usr/bin/X11
PATH: /usr/games


## ----------- ##
## Core tests. ##
## ----------- ##

configure:1946: checking for a BSD-compatible install
configure:2002: result: /usr/bin/install -c
configure:2013: checking whether build environment is sane
configure:2056: result: yes
configure:2121: checking for gawk
configure:2151: result: no
configure:2121: checking for mawk
configure:2137: found /usr/bin/mawk
configure:2148: result: mawk
configure:2159: checking whether make sets $(MAKE)
configure:2180: result: yes
configure:2445: checking build system type
configure:2463: result: i686-pc-linux-gnu
configure:2485: checking host system type
configure:2500: result: i686-pc-linux-gnu
configure:2534: checking for style of include used by make
configure:2562: result: GNU
configure:2635: checking for gcc
configure:2651: found /usr/bin/gcc
configure:2662: result: gcc
configure:2900: checking for C compiler version
configure:2907: gcc --version >&5
gcc (GCC) 4.1.2 20060928 (prerelease) (Ubuntu 4.1.1-13ubuntu5)
Copyright (C) 2006 Free Software Foundation, Inc.
This is free software; see the source for copying conditions.  There is NO
warranty; not even for MERCHANTABILITY or FITNESS FOR A PARTICULAR PURPOSE.

configure:2910: $? = 0
configure:2917: gcc -v >&5
Using built-in specs.
Target: i486-linux-gnu
Configured with: ../src/configure -v --enable-languages=c,c++,fortran,objc,obj-c++,treelang --prefix=/usr --enable-shared --with-system-zlib --libexecdir=/usr/lib --without-included-gettext --enable-threads=posix --enable-nls --program-suffix=-4.1 --enable-__cxa_atexit --enable-clocale=gnu --enable-libstdcxx-debug --enable-mpfr --enable-checking=release i486-linux-gnu
Thread model: posix
gcc version 4.1.2 20060928 (prerelease) (Ubuntu 4.1.1-13ubuntu5)
configure:2920: $? = 0
configure:2927: gcc -V >&5
gcc: '-V' option must have argument
configure:2930: $? = 1
configure:2953: checking for C compiler default output file name
configure:2980: gcc    conftest.c  >&5
configure:2983: $? = 0
configure:3029: result: a.out
configure:3034: checking whether the C compiler works
configure:3044: ./a.out
configure:3047: $? = 0
configure:3064: result: yes
configure:3071: checking whether we are cross compiling
configure:3073: result: no
configure:3076: checking for suffix of executables
configure:3083: gcc -o conftest    conftest.c  >&5
configure:3086: $? = 0
configure:3110: result: 
configure:3116: checking for suffix of object files
configure:3142: gcc -c   conftest.c >&5
configure:3145: $? = 0
configure:3168: result: o
configure:3172: checking whether we are using the GNU C compiler
configure:3201: gcc -c   conftest.c >&5
configure:3207: $? = 0
configure:3214: test -z "$ac_c_werror_flag" || test ! -s conftest.err
configure:3217: $? = 0
configure:3224: test -s conftest.o
configure:3227: $? = 0
configure:3241: result: yes
configure:3246: checking whether gcc accepts -g
configure:3276: gcc -c -g  conftest.c >&5
configure:3282: $? = 0
configure:3289: test -z "$ac_c_werror_flag" || test ! -s conftest.err
configure:3292: $? = 0
configure:3299: test -s conftest.o
configure:3302: $? = 0
configure:3432: result: yes
configure:3449: checking for gcc option to accept ISO C89
configure:3523: gcc  -c -g -O2  conftest.c >&5
configure:3529: $? = 0
configure:3536: test -z "$ac_c_werror_flag" || test ! -s conftest.err
configure:3539: $? = 0
configure:3546: test -s conftest.o
configure:3549: $? = 0
configure:3569: result: none needed
configure:3589: checking dependency style of gcc
configure:3679: result: gcc3
configure:3696: checking for a sed that does not truncate output
configure:3750: result: /bin/sed
configure:3753: checking for grep that handles long lines and -e
configure:3827: result: /bin/grep
configure:3832: checking for egrep
configure:3910: result: /bin/grep -E
configure:3926: checking for ld used by gcc
configure:3993: result: /usr/bin/ld
configure:4002: checking if the linker (/usr/bin/ld) is GNU ld
configure:4017: result: yes
configure:4022: checking for /usr/bin/ld option to reload object files
configure:4029: result: -r
configure:4047: checking for BSD-compatible nm
configure:4096: result: /usr/bin/nm -B
configure:4100: checking whether ln -s works
configure:4104: result: yes
configure:4111: checking how to recognise dependent libraries
configure:4287: result: pass_all
configure:4537: checking how to run the C preprocessor
configure:4577: gcc -E  conftest.c
configure:4583: $? = 0
configure:4621: gcc -E  conftest.c
conftest.c:10:28: error: ac_nonexistent.h: No such file or directory
configure:4627: $? = 1
configure: failed program was:
| /* confdefs.h.  */
| #define PACKAGE_NAME ""
| #define PACKAGE_TARNAME ""
| #define PACKAGE_VERSION ""
| #define PACKAGE_STRING ""
| #define PACKAGE_BUGREPORT ""
| #define PACKAGE "libalize"
| #define VERSION "0.0"
| /* end confdefs.h.  */
| #include <ac_nonexistent.h>
configure:4667: result: gcc -E
configure:4696: gcc -E  conftest.c
configure:4702: $? = 0
configure:4740: gcc -E  conftest.c
conftest.c:10:28: error: ac_nonexistent.h: No such file or directory
configure:4746: $? = 1
configure: failed program was:
| /* confdefs.h.  */
| #define PACKAGE_NAME ""
| #define PACKAGE_TARNAME ""
| #define PACKAGE_VERSION ""
| #define PACKAGE_STRING ""
| #define PACKAGE_BUGREPORT ""
| #define PACKAGE "libalize"
| #define VERSION "0.0"
| /* end confdefs.h.  */
| #include <ac_nonexistent.h>
configure:4791: checking for ANSI C header files
configure:4821: gcc -c -g -O2  conftest.c >&5
configure:4827: $? = 0
configure:4834: test -z "$ac_c_werror_flag" || test ! -s conftest.err
configure:4837: $? = 0
configure:4844: test -s conftest.o
configure:4847: $? = 0
configure:4943: gcc -o conftest -g -O2   conftest.c  >&5
configure:4946: $? = 0
configure:4952: ./conftest
configure:4955: $? = 0
configure:4972: result: yes
configure:4996: checking for sys/types.h
configure:5017: gcc -c -g -O2  conftest.c >&5
configure:5023: $? = 0
configure:5030: test -z "$ac_c_werror_flag" || test ! -s conftest.err
configure:5033: $? = 0
configure:5040: test -s conftest.o
configure:5043: $? = 0
configure:5056: result: yes
configure:4996: checking for sys/stat.h
configure:5017: gcc -c -g -O2  conftest.c >&5
configure:5023: $? = 0
configure:5030: test -z "$ac_c_werror_flag" || test ! -s conftest.err
configure:5033: $? = 0
configure:5040: test -s conftest.o
configure:5043: $? = 0
configure:5056: result: yes
configure:4996: checking for stdlib.h
configure:5017: gcc -c -g -O2  conftest.c >&5
configure:5023: $? = 0
configure:5030: test -z "$ac_c_werror_flag" || test ! -s conftest.err
configure:5033: $? = 0
configure:5040: test -s conftest.o
configure:5043: $? = 0
configure:5056: result: yes
configure:4996: checking for string.h
configure:5017: gcc -c -g -O2  conftest.c >&5
configure:5023: $? = 0
configure:5030: test -z "$ac_c_werror_flag" || test ! -s conftest.err
configure:5033: $? = 0
configure:5040: test -s conftest.o
configure:5043: $? = 0
configure:5056: result: yes
configure:4996: checking for memory.h
configure:5017: gcc -c -g -O2  conftest.c >&5
configure:5023: $? = 0
configure:5030: test -z "$ac_c_werror_flag" || test ! -s conftest.err
configure:5033: $? = 0
configure:5040: test -s conftest.o
configure:5043: $? = 0
configure:5056: result: yes
configure:4996: checking for strings.h
configure:5017: gcc -c -g -O2  conftest.c >&5
configure:5023: $? = 0
configure:5030: test -z "$ac_c_werror_flag" || test ! -s conftest.err
configure:5033: $? = 0
configure:5040: test -s conftest.o
configure:5043: $? = 0
configure:5056: result: yes
configure:4996: checking for inttypes.h
configure:5017: gcc -c -g -O2  conftest.c >&5
configure:5023: $? = 0
configure:5030: test -z "$ac_c_werror_flag" || test ! -s conftest.err
configure:5033: $? = 0
configure:5040: test -s conftest.o
configure:5043: $? = 0
configure:5056: result: yes
configure:4996: checking for stdint.h
configure:5017: gcc -c -g -O2  conftest.c >&5
configure:5023: $? = 0
configure:5030: test -z "$ac_c_werror_flag" || test ! -s conftest.err
configure:5033: $? = 0
configure:5040: test -s conftest.o
configure:5043: $? = 0
configure:5056: result: yes
configure:4996: checking for unistd.h
configure:5017: gcc -c -g -O2  conftest.c >&5
configure:5023: $? = 0
configure:5030: test -z "$ac_c_werror_flag" || test ! -s conftest.err
configure:5033: $? = 0
configure:5040: test -s conftest.o
configure:5043: $? = 0
configure:5056: result: yes
configure:5083: checking dlfcn.h usability
configure:5100: gcc -c -g -O2  conftest.c >&5
configure:5106: $? = 0
configure:5113: test -z "$ac_c_werror_flag" || test ! -s conftest.err
configure:5116: $? = 0
configure:5123: test -s conftest.o
configure:5126: $? = 0
configure:5137: result: yes
configure:5141: checking dlfcn.h presence
configure:5156: gcc -E  conftest.c
configure:5162: $? = 0
configure:5183: result: yes
configure:5211: checking for dlfcn.h
configure:5219: result: yes
configure:5290: checking for g++
configure:5306: found /usr/bin/g++
configure:5317: result: g++
configure:5348: checking for C++ compiler version
configure:5355: g++ --version >&5
g++ (GCC) 4.1.2 20060928 (prerelease) (Ubuntu 4.1.1-13ubuntu5)
Copyright (C) 2006 Free Software Foundation, Inc.
This is free software; see the source for copying conditions.  There is NO
warranty; not even for MERCHANTABILITY or FITNESS FOR A PARTICULAR PURPOSE.

configure:5358: $? = 0
configure:5365: g++ -v >&5
Using built-in specs.
Target: i486-linux-gnu
Configured with: ../src/configure -v --enable-languages=c,c++,fortran,objc,obj-c++,treelang --prefix=/usr --enable-shared --with-system-zlib --libexecdir=/usr/lib --without-included-gettext --enable-threads=posix --enable-nls --program-suffix=-4.1 --enable-__cxa_atexit --enable-clocale=gnu --enable-libstdcxx-debug --enable-mpfr --enable-checking=release i486-linux-gnu
Thread model: posix
gcc version 4.1.2 20060928 (prerelease) (Ubuntu 4.1.1-13ubuntu5)
configure:5368: $? = 0
configure:5375: g++ -V >&5
g++: '-V' option must have argument
configure:5378: $? = 1
configure:5381: checking whether we are using the GNU C++ compiler
configure:5410: g++ -c   conftest.cpp >&5
configure:5416: $? = 0
configure:5423: test -z "$ac_cxx_werror_flag" || test ! -s conftest.err
configure:5426: $? = 0
configure:5433: test -s conftest.o
configure:5436: $? = 0
configure:5450: result: yes
configure:5455: checking whether g++ accepts -g
configure:5485: g++ -c -g  conftest.cpp >&5
configure:5491: $? = 0
configure:5498: test -z "$ac_cxx_werror_flag" || test ! -s conftest.err
configure:5501: $? = 0
configure:5508: test -s conftest.o
configure:5511: $? = 0
configure:5641: result: yes
configure:5666: checking dependency style of g++
configure:5756: result: gcc3
configure:5783: checking how to run the C++ preprocessor
configure:5819: g++ -E  conftest.cpp
configure:5825: $? = 0
configure:5863: g++ -E  conftest.cpp
conftest.cpp:21:28: error: ac_nonexistent.h: No such file or directory
configure:5869: $? = 1
configure: failed program was:
| /* confdefs.h.  */
| #define PACKAGE_NAME ""
| #define PACKAGE_TARNAME ""
| #define PACKAGE_VERSION ""
| #define PACKAGE_STRING ""
| #define PACKAGE_BUGREPORT ""
| #define PACKAGE "libalize"
| #define VERSION "0.0"
| #define STDC_HEADERS 1
| #define HAVE_SYS_TYPES_H 1
| #define HAVE_SYS_STAT_H 1
| #define HAVE_STDLIB_H 1
| #define HAVE_STRING_H 1
| #define HAVE_MEMORY_H 1
| #define HAVE_STRINGS_H 1
| #define HAVE_INTTYPES_H 1
| #define HAVE_STDINT_H 1
| #define HAVE_UNISTD_H 1
| #define HAVE_DLFCN_H 1
| /* end confdefs.h.  */
| #include <ac_nonexistent.h>
configure:5909: result: g++ -E
configure:5938: g++ -E  conftest.cpp
configure:5944: $? = 0
configure:5982: g++ -E  conftest.cpp
conftest.cpp:21:28: error: ac_nonexistent.h: No such file or directory
configure:5988: $? = 1
configure: failed program was:
| /* confdefs.h.  */
| #define PACKAGE_NAME ""
| #define PACKAGE_TARNAME ""
| #define PACKAGE_VERSION ""
| #define PACKAGE_STRING ""
| #define PACKAGE_BUGREPORT ""
| #define PACKAGE "libalize"
| #define VERSION "0.0"
| #define STDC_HEADERS 1
| #define HAVE_SYS_TYPES_H 1
| #define HAVE_SYS_STAT_H 1
| #define HAVE_STDLIB_H 1
| #define HAVE_STRING_H 1
| #define HAVE_MEMORY_H 1
| #define HAVE_STRINGS_H 1
| #define HAVE_INTTYPES_H 1
| #define HAVE_STDINT_H 1
| #define HAVE_UNISTD_H 1
| #define HAVE_DLFCN_H 1
| /* end confdefs.h.  */
| #include <ac_nonexistent.h>
configure:6088: checking for g77
configure:6118: result: no
configure:6088: checking for f77
configure:6118: result: no
configure:6088: checking for xlf
configure:6118: result: no
configure:6088: checking for frt
configure:6118: result: no
configure:6088: checking for pgf77
configure:6118: result: no
configure:6088: checking for cf77
configure:6118: result: no
configure:6088: checking for fort77
configure:6118: result: no
configure:6088: checking for fl32
configure:6118: result: no
configure:6088: checking for af77
configure:6118: result: no
configure:6088: checking for f90
configure:6118: result: no
configure:6088: checking for xlf90
configure:6118: result: no
configure:6088: checking for pgf90
configure:6118: result: no
configure:6088: checking for pghpf
configure:6118: result: no
configure:6088: checking for epcf90
configure:6118: result: no
configure:6088: checking for gfortran
configure:6118: result: no
configure:6088: checking for g95
configure:6118: result: no
configure:6088: checking for f95
configure:6118: result: no
configure:6088: checking for fort
configure:6118: result: no
configure:6088: checking for xlf95
configure:6118: result: no
configure:6088: checking for ifort
configure:6118: result: no
configure:6088: checking for ifc
configure:6118: result: no
configure:6088: checking for efc
configure:6118: result: no
configure:6088: checking for pgf95
configure:6118: result: no
configure:6088: checking for lf95
configure:6118: result: no
configure:6088: checking for ftn
configure:6118: result: no
configure:6145: checking for Fortran 77 compiler version
configure:6152:  --version >&5
./configure: line 6153: --version: command not found
configure:6155: $? = 127
configure:6162:  -v >&5
./configure: line 6163: -v: command not found
configure:6165: $? = 127
configure:6172:  -V >&5
./configure: line 6173: -V: command not found
configure:6175: $? = 127
configure:6183: checking whether we are using the GNU Fortran 77 compiler
configure:6202:  -c  conftest.F >&5
./configure: line 6203: -c: command not found
configure:6208: $? = 127
configure: failed program was:
|       program main
| #ifndef __GNUC__
|        choke me
| #endif
| 
|       end
configure:6242: result: no
configure:6248: checking whether  accepts -g
configure:6265:  -c -g conftest.f >&5
./configure: line 6266: -c: command not found
configure:6271: $? = 127
configure: failed program was:
|       program main
| 
|       end
configure:6304: result: no
configure:6334: checking the maximum length of command line arguments
configure:6443: result: 32768
configure:6454: checking command to parse /usr/bin/nm -B output from gcc object
configure:6559: gcc -c -g -O2  conftest.c >&5
configure:6562: $? = 0
configure:6566: /usr/bin/nm -B conftest.o \| sed -n -e 's/^.*[ 	]\([ABCDGIRSTW][ABCDGIRSTW]*\)[ 	][ 	]*\([_A-Za-z][_A-Za-z0-9]*\)$/\1 \2 \2/p' \> conftest.nm
configure:6569: $? = 0
configure:6621: gcc -o conftest -g -O2   conftest.c conftstm.o >&5
configure:6624: $? = 0
configure:6662: result: ok
configure:6666: checking for objdir
configure:6681: result: .libs
configure:6773: checking for ar
configure:6789: found /usr/bin/ar
configure:6800: result: ar
configure:6869: checking for ranlib
configure:6885: found /usr/bin/ranlib
configure:6896: result: ranlib
configure:6965: checking for strip
configure:6981: found /usr/bin/strip
configure:6992: result: strip
configure:7278: checking if gcc supports -fno-rtti -fno-exceptions
configure:7296: gcc -c -g -O2  -fno-rtti -fno-exceptions conftest.c >&5
cc1: warning: command line option "-fno-rtti" is valid for C++/ObjC++ but not for C
configure:7300: $? = 0
configure:7313: result: no
configure:7328: checking for gcc option to produce PIC
configure:7538: result: -fPIC
configure:7546: checking if gcc PIC flag -fPIC works
configure:7564: gcc -c -g -O2  -fPIC -DPIC conftest.c >&5
configure:7568: $? = 0
configure:7581: result: yes
configure:7609: checking if gcc static flag -static works
configure:7637: result: yes
configure:7647: checking if gcc supports -c -o file.o
configure:7668: gcc -c -g -O2  -o out/conftest2.o conftest.c >&5
configure:7672: $? = 0
configure:7694: result: yes
configure:7720: checking whether the gcc linker (/usr/bin/ld) supports shared libraries
configure:8707: result: yes
configure:8728: checking whether -lc should be explicitly linked in
configure:8733: gcc -c -g -O2  conftest.c >&5
configure:8736: $? = 0
configure:8751: gcc -shared conftest.o  -v -Wl,-soname -Wl,conftest -o conftest 2\>\&1 \| grep  -lc  \>/dev/null 2\>\&1
configure:8754: $? = 0
configure:8766: result: no
configure:8774: checking dynamic linker characteristics
configure:9350: result: GNU/Linux ld.so
configure:9359: checking how to hardcode library paths into programs
configure:9384: result: immediate
configure:9398: checking whether stripping libraries is possible
configure:9403: result: yes
configure:9542: checking for shl_load
configure:9598: gcc -o conftest -g -O2   conftest.c  >&5
/tmp/ccam0QJi.o: In function `main':
/home/jfb-local/FormationMistral/src_dev/ALIZE/conftest.c:55: undefined reference to `shl_load'
collect2: ld returned 1 exit status
configure:9604: $? = 1
configure: failed program was:
| /* confdefs.h.  */
| #define PACKAGE_NAME ""
| #define PACKAGE_TARNAME ""
| #define PACKAGE_VERSION ""
| #define PACKAGE_STRING ""
| #define PACKAGE_BUGREPORT ""
| #define PACKAGE "libalize"
| #define VERSION "0.0"
| #define STDC_HEADERS 1
| #define HAVE_SYS_TYPES_H 1
| #define HAVE_SYS_STAT_H 1
| #define HAVE_STDLIB_H 1
| #define HAVE_STRING_H 1
| #define HAVE_MEMORY_H 1
| #define HAVE_STRINGS_H 1
| #define HAVE_INTTYPES_H 1
| #define HAVE_STDINT_H 1
| #define HAVE_UNISTD_H 1
| #define HAVE_DLFCN_H 1
| /* end confdefs.h.  */
| /* Define shl_load to an innocuous variant, in case <limits.h> declares shl_load.
|    For example, HP-UX 11i <limits.h> declares gettimeofday.  */
| #define shl_load innocuous_shl_load
| 
| /* System header to define __stub macros and hopefully few prototypes,
|     which can conflict with char shl_load (); below.
|     Prefer <limits.h> to <assert.h> if __STDC__ is defined, since
|     <limits.h> exists even on freestanding compilers.  */
| 
| #ifdef __STDC__
| # include <limits.h>
| #else
| # include <assert.h>
| #endif
| 
| #undef shl_load
| 
| /* Override any GCC internal prototype to avoid an error.
|    Use char because int might match the return type of a GCC
|    builtin and then its argument prototype would still apply.  */
| #ifdef __cplusplus
| extern "C"
| #endif
| char shl_load ();
| /* The GNU C library defines this for functions which it implements
|     to always fail with ENOSYS.  Some functions are actually named
|     something starting with __ and the normal name is an alias.  */
| #if defined __stub_shl_load || defined __stub___shl_load
| choke me
| #endif
| 
| int
| main ()
| {
| return shl_load ();
|   ;
|   return 0;
| }
configure:9637: result: no
configure:9642: checking for shl_load in -ldld
configure:9677: gcc -o conftest -g -O2   conftest.c -ldld   >&5
/usr/bin/ld: cannot find -ldld
collect2: ld returned 1 exit status
configure:9683: $? = 1
configure: failed program was:
| /* confdefs.h.  */
| #define PACKAGE_NAME ""
| #define PACKAGE_TARNAME ""
| #define PACKAGE_VERSION ""
| #define PACKAGE_STRING ""
| #define PACKAGE_BUGREPORT ""
| #define PACKAGE "libalize"
| #define VERSION "0.0"
| #define STDC_HEADERS 1
| #define HAVE_SYS_TYPES_H 1
| #define HAVE_SYS_STAT_H 1
| #define HAVE_STDLIB_H 1
| #define HAVE_STRING_H 1
| #define HAVE_MEMORY_H 1
| #define HAVE_STRINGS_H 1
| #define HAVE_INTTYPES_H 1
| #define HAVE_STDINT_H 1
| #define HAVE_UNISTD_H 1
| #define HAVE_DLFCN_H 1
| /* end confdefs.h.  */
| 
| /* Override any GCC internal prototype to avoid an error.
|    Use char because int might match the return type of a GCC
|    builtin and then its argument prototype would still apply.  */
| #ifdef __cplusplus
| extern "C"
| #endif
| char shl_load ();
| int
| main ()
| {
| return shl_load ();
|   ;
|   return 0;
| }
configure:9717: result: no
configure:9722: checking for dlopen
configure:9778: gcc -o conftest -g -O2   conftest.c  >&5
/tmp/ccmyWLqz.o: In function `main':
/home/jfb-local/FormationMistral/src_dev/ALIZE/conftest.c:55: undefined reference to `dlopen'
collect2: ld returned 1 exit status
configure:9784: $? = 1
configure: failed program was:
| /* confdefs.h.  */
| #define PACKAGE_NAME ""
| #define PACKAGE_TARNAME ""
| #define PACKAGE_VERSION ""
| #define PACKAGE_STRING ""
| #define PACKAGE_BUGREPORT ""
| #define PACKAGE "libalize"
| #define VERSION "0.0"
| #define STDC_HEADERS 1
| #define HAVE_SYS_TYPES_H 1
| #define HAVE_SYS_STAT_H 1
| #define HAVE_STDLIB_H 1
| #define HAVE_STRING_H 1
| #define HAVE_MEMORY_H 1
| #define HAVE_STRINGS_H 1
| #define HAVE_INTTYPES_H 1
| #define HAVE_STDINT_H 1
| #define HAVE_UNISTD_H 1
| #define HAVE_DLFCN_H 1
| /* end confdefs.h.  */
| /* Define dlopen to an innocuous variant, in case <limits.h> declares dlopen.
|    For example, HP-UX 11i <limits.h> declares gettimeofday.  */
| #define dlopen innocuous_dlopen
| 
| /* System header to define __stub macros and hopefully few prototypes,
|     which can conflict with char dlopen (); below.
|     Prefer <limits.h> to <assert.h> if __STDC__ is defined, since
|     <limits.h> exists even on freestanding compilers.  */
| 
| #ifdef __STDC__
| # include <limits.h>
| #else
| # include <assert.h>
| #endif
| 
| #undef dlopen
| 
| /* Override any GCC internal prototype to avoid an error.
|    Use char because int might match the return type of a GCC
|    builtin and then its argument prototype would still apply.  */
| #ifdef __cplusplus
| extern "C"
| #endif
| char dlopen ();
| /* The GNU C library defines this for functions which it implements
|     to always fail with ENOSYS.  Some functions are actually named
|     something starting with __ and the normal name is an alias.  */
| #if defined __stub_dlopen || defined __stub___dlopen
| choke me
| #endif
| 
| int
| main ()
| {
| return dlopen ();
|   ;
|   return 0;
| }
configure:9817: result: no
configure:9822: checking for dlopen in -ldl
configure:9857: gcc -o conftest -g -O2   conftest.c -ldl   >&5
configure:9863: $? = 0
configure:9870: test -z "$ac_c_werror_flag" || test ! -s conftest.err
configure:9873: $? = 0
configure:9880: test -s conftest
configure:9883: $? = 0
configure:9897: result: yes
configure:10098: checking whether a program can dlopen itself
configure:10172: gcc -o conftest -g -O2  -DHAVE_DLFCN_H  -Wl,--export-dynamic conftest.c -ldl  >&5
configure: In function 'main':
configure:10168: warning: incompatible implicit declaration of built-in function 'exit'
configure:10175: $? = 0
configure:10193: result: yes
configure:10198: checking whether a statically linked program can dlopen itself
configure:10272: gcc -o conftest -g -O2  -DHAVE_DLFCN_H  -Wl,--export-dynamic -static conftest.c -ldl  >&5
configure: In function 'main':
configure:10268: warning: incompatible implicit declaration of built-in function 'exit'
/tmp/ccIHbWjc.o: In function `main':
/home/jfb-local/FormationMistral/src_dev/ALIZE/configure:10256: warning: Using 'dlopen' in statically linked applications requires at runtime the shared libraries from the glibc version used for linking
configure:10275: $? = 0
/lib/: cannot read file data: Is a directory
configure:10293: result: no
configure:10316: checking if libtool supports shared libraries
configure:10318: result: yes
configure:10321: checking whether to build shared libraries
configure:10342: result: yes
configure:10345: checking whether to build static libraries
configure:10349: result: yes
configure:10441: creating libtool
configure:11029: checking for ld used by g++
configure:11096: result: /usr/bin/ld
configure:11105: checking if the linker (/usr/bin/ld) is GNU ld
configure:11120: result: yes
configure:11171: checking whether the g++ linker (/usr/bin/ld) supports shared libraries
configure:12137: result: yes
configure:12155: g++ -c -g -O2  conftest.cpp >&5
configure:12158: $? = 0
configure:12277: checking for g++ option to produce PIC
configure:12551: result: -fPIC
configure:12559: checking if g++ PIC flag -fPIC works
configure:12577: g++ -c -g -O2  -fPIC -DPIC conftest.cpp >&5
configure:12581: $? = 0
configure:12594: result: yes
configure:12622: checking if g++ static flag -static works
configure:12650: result: yes
configure:12660: checking if g++ supports -c -o file.o
configure:12681: g++ -c -g -O2  -o out/conftest2.o conftest.cpp >&5
configure:12685: $? = 0
configure:12707: result: yes
configure:12733: checking whether the g++ linker (/usr/bin/ld) supports shared libraries
configure:12761: result: yes
configure:12828: checking dynamic linker characteristics
configure:13404: result: GNU/Linux ld.so
configure:13413: checking how to hardcode library paths into programs
configure:13438: result: immediate
configure:19741: checking for C++ compiler version
configure:19748: g++ --version >&5
g++ (GCC) 4.1.2 20060928 (prerelease) (Ubuntu 4.1.1-13ubuntu5)
Copyright (C) 2006 Free Software Foundation, Inc.
This is free software; see the source for copying conditions.  There is NO
warranty; not even for MERCHANTABILITY or FITNESS FOR A PARTICULAR PURPOSE.

configure:19751: $? = 0
configure:19758: g++ -v >&5
Using built-in specs.
Target: i486-linux-gnu
Configured with: ../src/configure -v --enable-languages=c,c++,fortran,objc,obj-c++,treelang --prefix=/usr --enable-shared --with-system-zlib --libexecdir=/usr/lib --without-included-gettext --enable-threads=posix --enable-nls --program-suffix=-4.1 --enable-__cxa_atexit --enable-clocale=gnu --enable-libstdcxx-debug --enable-mpfr --enable-checking=release i486-linux-gnu
Thread model: posix
gcc version 4.1.2 20060928 (prerelease) (Ubuntu 4.1.1-13ubuntu5)
configure:19761: $? = 0
configure:19768: g++ -V >&5
g++: '-V' option must have argument
configure:19771: $? = 1
configure:19774: checking whether we are using the GNU C++ compiler
configure:19843: result: yes
configure:19848: checking whether g++ accepts -g
configure:20034: result: yes
configure:20059: checking dependency style of g++
configure:20149: result: gcc3
configure:20180: checking for a BSD-compatible install
configure:20236: result: /usr/bin/install -c
configure:20408: creating ./config.status

## ---------------------- ##
## Running config.status. ##
## ---------------------- ##

This file was extended by config.status, which was
generated by GNU Autoconf 2.60.  Invocation command line was

  CONFIG_FILES    = 
  CONFIG_HEADERS  = 
  CONFIG_LINKS    = 
  CONFIG_COMMANDS = 
  $ ./config.status 

on pc-jfb

config.status:630: creating Makefile
config.status:630: creating src/Makefile
config.status:815: executing depfiles commands

## ---------------- ##
## Cache variables. ##
## ---------------- ##

ac_cv_build=i686-pc-linux-gnu
ac_cv_c_compiler_gnu=yes
ac_cv_cxx_compiler_gnu=yes
ac_cv_env_CCC_set=
ac_cv_env_CCC_value=
ac_cv_env_CC_set=
ac_cv_env_CC_value=
ac_cv_env_CFLAGS_set=
ac_cv_env_CFLAGS_value=
ac_cv_env_CPPFLAGS_set=
ac_cv_env_CPPFLAGS_value=
ac_cv_env_CPP_set=
ac_cv_env_CPP_value=
ac_cv_env_CXXCPP_set=
ac_cv_env_CXXCPP_value=
ac_cv_env_CXXFLAGS_set=
ac_cv_env_CXXFLAGS_value=
ac_cv_env_CXX_set=
ac_cv_env_CXX_value=
ac_cv_env_F77_set=
ac_cv_env_F77_value=
ac_cv_env_FFLAGS_set=
ac_cv_env_FFLAGS_value=
ac_cv_env_LDFLAGS_set=
ac_cv_env_LDFLAGS_value=
ac_cv_env_build_alias_set=
ac_cv_env_build_alias_value=
ac_cv_env_host_alias_set=
ac_cv_env_host_alias_value=
ac_cv_env_target_alias_set=
ac_cv_env_target_alias_value=
ac_cv_f77_compiler_gnu=no
ac_cv_func_dlopen=no
ac_cv_func_shl_load=no
ac_cv_header_dlfcn_h=yes
ac_cv_header_inttypes_h=yes
ac_cv_header_memory_h=yes
ac_cv_header_stdc=yes
ac_cv_header_stdint_h=yes
ac_cv_header_stdlib_h=yes
ac_cv_header_string_h=yes
ac_cv_header_strings_h=yes
ac_cv_header_sys_stat_h=yes
ac_cv_header_sys_types_h=yes
ac_cv_header_unistd_h=yes
ac_cv_host=i686-pc-linux-gnu
ac_cv_lib_dl_dlopen=yes
ac_cv_lib_dld_shl_load=no
ac_cv_objext=o
ac_cv_path_EGREP='/bin/grep -E'
ac_cv_path_GREP=/bin/grep
ac_cv_path_install='/usr/bin/install -c'
ac_cv_prog_AWK=mawk
ac_cv_prog_CPP='gcc -E'
ac_cv_prog_CXXCPP='g++ -E'
ac_cv_prog_ac_ct_AR=ar
ac_cv_prog_ac_ct_CC=gcc
ac_cv_prog_ac_ct_CXX=g++
ac_cv_prog_ac_ct_RANLIB=ranlib
ac_cv_prog_ac_ct_STRIP=strip
ac_cv_prog_cc_c89=
ac_cv_prog_cc_g=yes
ac_cv_prog_cxx_g=yes
ac_cv_prog_f77_g=no
ac_cv_prog_make_make_set=yes
am_cv_CC_dependencies_compiler_type=gcc3
am_cv_CXX_dependencies_compiler_type=gcc3
lt_cv_deplibs_check_method=pass_all
lt_cv_dlopen=dlopen
lt_cv_dlopen_libs=-ldl
lt_cv_dlopen_self=yes
lt_cv_dlopen_self_static=no
lt_cv_file_magic_cmd='$MAGIC_CMD'
lt_cv_file_magic_test_file=
lt_cv_ld_reload_flag=-r
lt_cv_objdir=.libs
lt_cv_path_LD=/usr/bin/ld
lt_cv_path_LDCXX=/usr/bin/ld
lt_cv_path_NM='/usr/bin/nm -B'
lt_cv_path_SED=/bin/sed
lt_cv_prog_compiler_c_o=yes
lt_cv_prog_compiler_c_o_CXX=yes
lt_cv_prog_compiler_rtti_exceptions=no
lt_cv_prog_gnu_ld=yes
lt_cv_prog_gnu_ldcxx=yes
lt_cv_sys_global_symbol_pipe='sed -n -e '\''s/^.*[ 	]\([ABCDGIRSTW][ABCDGIRSTW]*\)[ 	][ 	]*\([_A-Za-z][_A-Za-z0-9]*\)$/\1 \2 \2/p'\'''
lt_cv_sys_global_symbol_to_c_name_address='sed -n -e '\''s/^: \([^ ]*\) $/  {\"\1\", (lt_ptr) 0},/p'\'' -e '\''s/^[BCDEGRST] \([^ ]*\) \([^ ]*\)$/  {"\2", (lt_ptr) \&\2},/p'\'''
lt_cv_sys_global_symbol_to_cdecl='sed -n -e '\''s/^. .* \(.*\)$/extern int \1;/p'\'''
lt_cv_sys_max_cmd_len=32768
lt_lt_cv_prog_compiler_c_o='"yes"'
lt_lt_cv_prog_compiler_c_o_CXX='"yes"'
lt_lt_cv_sys_global_symbol_pipe='"sed -n -e '\''s/^.*[ 	]\\([ABCDGIRSTW][ABCDGIRSTW]*\\)[ 	][ 	]*\\([_A-Za-z][_A-Za-z0-9]*\\)\$/\\1 \\2 \\2/p'\''"'
lt_lt_cv_sys_global_symbol_to_c_name_address='"sed -n -e '\''s/^: \\([^ ]*\\) \$/  {\\\"\\1\\\", (lt_ptr) 0},/p'\'' -e '\''s/^[BCDEGRST] \\([^ ]*\\) \\([^ ]*\\)\$/  {\"\\2\", (lt_ptr) \\&\\2},/p'\''"'
lt_lt_cv_sys_global_symbol_to_cdecl='"sed -n -e '\''s/^. .* \\(.*\\)\$/extern int \\1;/p'\''"'

## ----------------- ##
## Output variables. ##
## ----------------- ##

ACLOCAL='${SHELL} /home/jfb-local/FormationMistral/src_dev/ALIZE/missing --run aclocal-1.9'
AMDEPBACKSLASH='\'
AMDEP_FALSE='#'
AMDEP_TRUE=''
AMTAR='${SHELL} /home/jfb-local/FormationMistral/src_dev/ALIZE/missing --run tar'
AR='ar'
AUTOCONF='${SHELL} /home/jfb-local/FormationMistral/src_dev/ALIZE/missing --run autoconf'
AUTOHEADER='${SHELL} /home/jfb-local/FormationMistral/src_dev/ALIZE/missing --run autoheader'
AUTOMAKE='${SHELL} /home/jfb-local/FormationMistral/src_dev/ALIZE/missing --run automake-1.9'
AWK='mawk'
CC='gcc'
CCDEPMODE='depmode=gcc3'
CFLAGS='-g -O2'
CPP='gcc -E'
CPPFLAGS=''
CXX='g++'
CXXCPP='g++ -E'
CXXDEPMODE='depmode=gcc3'
CXXFLAGS='-O3 -ffast-math -Wall -march=pentium4'
CYGPATH_W='echo'
DEFS='-DPACKAGE_NAME=\"\" -DPACKAGE_TARNAME=\"\" -DPACKAGE_VERSION=\"\" -DPACKAGE_STRING=\"\" -DPACKAGE_BUGREPORT=\"\" -DPACKAGE=\"libalize\" -DVERSION=\"0.0\" -DSTDC_HEADERS=1 -DHAVE_SYS_TYPES_H=1 -DHAVE_SYS_STAT_H=1 -DHAVE_STDLIB_H=1 -DHAVE_STRING_H=1 -DHAVE_MEMORY_H=1 -DHAVE_STRINGS_H=1 -DHAVE_INTTYPES_H=1 -DHAVE_STDINT_H=1 -DHAVE_UNISTD_H=1 -DHAVE_DLFCN_H=1'
DEPDIR='.deps'
ECHO='echo'
ECHO_C=''
ECHO_N='-n'
ECHO_T=''
EGREP='/bin/grep -E'
EXEEXT=''
F77=''
FFLAGS=''
GREP='/bin/grep'
INSTALL_DATA='${INSTALL} -m 644'
INSTALL_PROGRAM='${INSTALL}'
INSTALL_SCRIPT='${INSTALL}'
INSTALL_STRIP_PROGRAM='${SHELL} $(install_sh) -c -s'
LDFLAGS=''
LIBOBJS=''
LIBS=''
LIBTOOL='$(SHELL) $(top_builddir)/libtool'
LN_S='ln -s'
LTLIBOBJS=''
MAKEINFO='${SHELL} /home/jfb-local/FormationMistral/src_dev/ALIZE/missing --run makeinfo'
OBJEXT='o'
PACKAGE='libalize'
PACKAGE_BUGREPORT=''
PACKAGE_NAME=''
PACKAGE_STRING=''
PACKAGE_TARNAME=''
PACKAGE_VERSION=''
PATH_SEPARATOR=':'
RANLIB='ranlib'
SET_MAKE=''
SHELL='/bin/bash'
STRIP='strip'
VERSION='0.0'
ac_ct_CC='gcc'
ac_ct_CXX='g++'
ac_ct_F77=''
am__fastdepCC_FALSE='#'
am__fastdepCC_TRUE=''
am__fastdepCXX_FALSE='#'
am__fastdepCXX_TRUE=''
am__include='include'
am__leading_dot='.'
am__quote=''
am__tar='${AMTAR} chof - "$$tardir"'
am__untar='${AMTAR} xf -'
bindir='${exec_prefix}/bin'
build='i686-pc-linux-gnu'
build_alias=''
build_cpu='i686'
build_os='linux-gnu'
build_vendor='pc'
datadir='${datarootdir}'
datarootdir='${prefix}/share'
docdir='${datarootdir}/doc/${PACKAGE}'
dvidir='${docdir}'
exec_prefix='${prefix}'
host='i686-pc-linux-gnu'
host_alias=''
host_cpu='i686'
host_os='linux-gnu'
host_vendor='pc'
htmldir='${docdir}'
includedir='${prefix}/include'
infodir='${datarootdir}/info'
install_sh='/home/jfb-local/FormationMistral/src_dev/ALIZE/install-sh'
libdir='${exec_prefix}/lib'
libexecdir='${exec_prefix}/libexec'
localedir='${datarootdir}/locale'
localstatedir='${prefix}/var'
mandir='${datarootdir}/man'
mkdir_p='mkdir -p --'
oldincludedir='/usr/include'
pdfdir='${docdir}'
prefix='/home/jfb-local/FormationMistral/src_dev/ALIZE'
program_transform_name='s,x,x,'
psdir='${docdir}'
sbindir='${exec_prefix}/sbin'
sharedstatedir='${prefix}/com'
sysconfdir='${prefix}/etc'
target_alias=''

## ----------- ##
## confdefs.h. ##
## ----------- ##

#define PACKAGE_NAME ""
#define PACKAGE_TARNAME ""
#define PACKAGE_VERSION ""
#define PACKAGE_STRING ""
#define PACKAGE_BUGREPORT ""
#define PACKAGE "libalize"
#define VERSION "0.0"
#define STDC_HEADERS 1
#define HAVE_SYS_TYPES_H 1
#define HAVE_SYS_STAT_H 1
#define HAVE_STDLIB_H 1
#define HAVE_STRING_H 1
#define HAVE_MEMORY_H 1
#define HAVE_STRINGS_H 1
#define HAVE_INTTYPES_H 1
#define HAVE_STDINT_H 1
#define HAVE_UNISTD_H 1
#define HAVE_DLFCN_H 1

configure: exit 0
