This file contains any messages produced by compilers while
running configure, to aid debugging if configure makes a mistake.

It was created by configure, which was
generated by GNU Autoconf 2.59.  Invocation command line was

  $ ./configure 

## --------- ##
## Platform. ##
## --------- ##

hostname = jack.iup.univ-avignon.fr
uname -m = i686
uname -r = 2.4.26lia-64g
uname -s = Linux
uname -v = #1 SMP Tue Jul 20 14:48:04 CEST 2004

/usr/bin/uname -p = unknown
/bin/uname -X     = unknown

/bin/arch              = i686
/usr/bin/arch -k       = unknown
/usr/convex/getsysinfo = unknown
hostinfo               = unknown
/bin/machine           = unknown
/usr/bin/oslevel       = unknown
/bin/universe          = unknown

PATH: /opt/intel/cc/9.0/bin
PATH: /usr/local/bin
PATH: /usr/bin
PATH: /bin
PATH: /usr/bin/X11
PATH: /usr/games


## ----------- ##
## Core tests. ##
## ----------- ##

configure:1534: checking for a BSD-compatible install
configure:1589: result: /usr/bin/install -c
configure:1600: checking whether build environment is sane
configure:1643: result: yes
configure:1658: checking whether make sets $(MAKE)
configure:1678: result: yes
configure:1710: checking for working aclocal-1.4
configure:1717: result: found
configure:1725: checking for working autoconf
configure:1732: result: found
configure:1740: checking for working automake-1.4
configure:1747: result: found
configure:1755: checking for working autoheader
configure:1762: result: found
configure:1770: checking for working makeinfo
configure:1777: result: found
configure:1867: checking build system type
configure:1885: result: i686-pc-linux-gnu
configure:1893: checking host system type
configure:1907: result: i686-pc-linux-gnu
configure:1961: checking for gcc
configure:1977: found /usr/bin/gcc
configure:1987: result: gcc
configure:2231: checking for C compiler version
configure:2234: gcc --version </dev/null >&5
gcc (GCC) 3.3.5 (Debian 1:3.3.5-13)
Copyright (C) 2003 Free Software Foundation, Inc.
This is free software; see the source for copying conditions.  There is NO
warranty; not even for MERCHANTABILITY or FITNESS FOR A PARTICULAR PURPOSE.

configure:2237: $? = 0
configure:2239: gcc -v </dev/null >&5
Reading specs from /usr/lib/gcc-lib/i486-linux/3.3.5/specs
Configured with: ../src/configure -v --enable-languages=c,c++,java,f77,pascal,objc,ada,treelang --prefix=/usr --mandir=/usr/share/man --infodir=/usr/share/info --with-gxx-include-dir=/usr/include/c++/3.3 --enable-shared --enable-__cxa_atexit --with-system-zlib --enable-nls --without-included-gettext --enable-clocale=gnu --enable-debug --enable-java-gc=boehm --enable-java-awt=xlib --enable-objc-gc i486-linux
Thread model: posix
gcc version 3.3.5 (Debian 1:3.3.5-13)
configure:2242: $? = 0
configure:2244: gcc -V </dev/null >&5
gcc: `-V' option must have argument
configure:2247: $? = 1
configure:2270: checking for C compiler default output file name
configure:2273: gcc    conftest.c  >&5
configure:2276: $? = 0
configure:2322: result: a.out
configure:2327: checking whether the C compiler works
configure:2333: ./a.out
configure:2336: $? = 0
configure:2353: result: yes
configure:2360: checking whether we are cross compiling
configure:2362: result: no
configure:2365: checking for suffix of executables
configure:2367: gcc -o conftest    conftest.c  >&5
configure:2370: $? = 0
configure:2395: result: 
configure:2401: checking for suffix of object files
configure:2422: gcc -c   conftest.c >&5
configure:2425: $? = 0
configure:2447: result: o
configure:2451: checking whether we are using the GNU C compiler
configure:2475: gcc -c   conftest.c >&5
configure:2481: $? = 0
configure:2484: test -z 			 || test ! -s conftest.err
configure:2487: $? = 0
configure:2490: test -s conftest.o
configure:2493: $? = 0
configure:2506: result: yes
configure:2512: checking whether gcc accepts -g
configure:2533: gcc -c -g  conftest.c >&5
configure:2539: $? = 0
configure:2542: test -z 			 || test ! -s conftest.err
configure:2545: $? = 0
configure:2548: test -s conftest.o
configure:2551: $? = 0
configure:2562: result: yes
configure:2579: checking for gcc option to accept ANSI C
configure:2649: gcc  -c -g -O2  conftest.c >&5
configure:2655: $? = 0
configure:2658: test -z 			 || test ! -s conftest.err
configure:2661: $? = 0
configure:2664: test -s conftest.o
configure:2667: $? = 0
configure:2685: result: none needed
configure:2703: gcc -c -g -O2  conftest.c >&5
conftest.c:2: error: syntax error before "me"
configure:2709: $? = 1
configure: failed program was:
| #ifndef __cplusplus
|   choke me
| #endif
configure:2839: checking for a sed that does not truncate output
configure:2893: result: /bin/sed
configure:2896: checking for egrep
configure:2906: result: grep -E
configure:2922: checking for ld used by gcc
configure:2989: result: /usr/bin/ld
configure:2998: checking if the linker (/usr/bin/ld) is GNU ld
configure:3013: result: yes
configure:3018: checking for /usr/bin/ld option to reload object files
configure:3025: result: -r
configure:3034: checking for BSD-compatible nm
configure:3076: result: /usr/bin/nm -B
configure:3080: checking whether ln -s works
configure:3084: result: yes
configure:3091: checking how to recognise dependent libraries
configure:3265: result: pass_all
configure:3478: checking how to run the C preprocessor
configure:3513: gcc -E  conftest.c
configure:3519: $? = 0
configure:3551: gcc -E  conftest.c
conftest.c:11:28: ac_nonexistent.h: No such file or directory
configure:3557: $? = 1
configure: failed program was:
| /* confdefs.h.  */
| 
| #define PACKAGE_NAME ""
| #define PACKAGE_TARNAME ""
| #define PACKAGE_VERSION ""
| #define PACKAGE_STRING ""
| #define PACKAGE_BUGREPORT ""
| #define PACKAGE "examplealize"
| #define VERSION "0.900"
| /* end confdefs.h.  */
| #include <ac_nonexistent.h>
configure:3596: result: gcc -E
configure:3620: gcc -E  conftest.c
configure:3626: $? = 0
configure:3658: gcc -E  conftest.c
conftest.c:11:28: ac_nonexistent.h: No such file or directory
configure:3664: $? = 1
configure: failed program was:
| /* confdefs.h.  */
| 
| #define PACKAGE_NAME ""
| #define PACKAGE_TARNAME ""
| #define PACKAGE_VERSION ""
| #define PACKAGE_STRING ""
| #define PACKAGE_BUGREPORT ""
| #define PACKAGE "examplealize"
| #define VERSION "0.900"
| /* end confdefs.h.  */
| #include <ac_nonexistent.h>
configure:3708: checking for ANSI C header files
configure:3733: gcc -c -g -O2  conftest.c >&5
configure:3739: $? = 0
configure:3742: test -z 			 || test ! -s conftest.err
configure:3745: $? = 0
configure:3748: test -s conftest.o
configure:3751: $? = 0
configure:3837: gcc -o conftest -g -O2   conftest.c  >&5
configure:3840: $? = 0
configure:3842: ./conftest
configure:3845: $? = 0
configure:3860: result: yes
configure:3884: checking for sys/types.h
configure:3900: gcc -c -g -O2  conftest.c >&5
configure:3906: $? = 0
configure:3909: test -z 			 || test ! -s conftest.err
configure:3912: $? = 0
configure:3915: test -s conftest.o
configure:3918: $? = 0
configure:3929: result: yes
configure:3884: checking for sys/stat.h
configure:3900: gcc -c -g -O2  conftest.c >&5
configure:3906: $? = 0
configure:3909: test -z 			 || test ! -s conftest.err
configure:3912: $? = 0
configure:3915: test -s conftest.o
configure:3918: $? = 0
configure:3929: result: yes
configure:3884: checking for stdlib.h
configure:3900: gcc -c -g -O2  conftest.c >&5
configure:3906: $? = 0
configure:3909: test -z 			 || test ! -s conftest.err
configure:3912: $? = 0
configure:3915: test -s conftest.o
configure:3918: $? = 0
configure:3929: result: yes
configure:3884: checking for string.h
configure:3900: gcc -c -g -O2  conftest.c >&5
configure:3906: $? = 0
configure:3909: test -z 			 || test ! -s conftest.err
configure:3912: $? = 0
configure:3915: test -s conftest.o
configure:3918: $? = 0
configure:3929: result: yes
configure:3884: checking for memory.h
configure:3900: gcc -c -g -O2  conftest.c >&5
configure:3906: $? = 0
configure:3909: test -z 			 || test ! -s conftest.err
configure:3912: $? = 0
configure:3915: test -s conftest.o
configure:3918: $? = 0
configure:3929: result: yes
configure:3884: checking for strings.h
configure:3900: gcc -c -g -O2  conftest.c >&5
configure:3906: $? = 0
configure:3909: test -z 			 || test ! -s conftest.err
configure:3912: $? = 0
configure:3915: test -s conftest.o
configure:3918: $? = 0
configure:3929: result: yes
configure:3884: checking for inttypes.h
configure:3900: gcc -c -g -O2  conftest.c >&5
configure:3906: $? = 0
configure:3909: test -z 			 || test ! -s conftest.err
configure:3912: $? = 0
configure:3915: test -s conftest.o
configure:3918: $? = 0
configure:3929: result: yes
configure:3884: checking for stdint.h
configure:3900: gcc -c -g -O2  conftest.c >&5
configure:3906: $? = 0
configure:3909: test -z 			 || test ! -s conftest.err
configure:3912: $? = 0
configure:3915: test -s conftest.o
configure:3918: $? = 0
configure:3929: result: yes
configure:3884: checking for unistd.h
configure:3900: gcc -c -g -O2  conftest.c >&5
configure:3906: $? = 0
configure:3909: test -z 			 || test ! -s conftest.err
configure:3912: $? = 0
configure:3915: test -s conftest.o
configure:3918: $? = 0
configure:3929: result: yes
configure:3955: checking dlfcn.h usability
configure:3967: gcc -c -g -O2  conftest.c >&5
configure:3973: $? = 0
configure:3976: test -z 			 || test ! -s conftest.err
configure:3979: $? = 0
configure:3982: test -s conftest.o
configure:3985: $? = 0
configure:3995: result: yes
configure:3999: checking dlfcn.h presence
configure:4009: gcc -E  conftest.c
configure:4015: $? = 0
configure:4035: result: yes
configure:4070: checking for dlfcn.h
configure:4077: result: yes
configure:4142: checking for g++
configure:4158: found /usr/bin/g++
configure:4168: result: g++
configure:4184: checking for C++ compiler version
configure:4187: g++ --version </dev/null >&5
g++ (GCC) 3.3.5 (Debian 1:3.3.5-13)
Copyright (C) 2003 Free Software Foundation, Inc.
This is free software; see the source for copying conditions.  There is NO
warranty; not even for MERCHANTABILITY or FITNESS FOR A PARTICULAR PURPOSE.

configure:4190: $? = 0
configure:4192: g++ -v </dev/null >&5
Reading specs from /usr/lib/gcc-lib/i486-linux/3.3.5/specs
Configured with: ../src/configure -v --enable-languages=c,c++,java,f77,pascal,objc,ada,treelang --prefix=/usr --mandir=/usr/share/man --infodir=/usr/share/info --with-gxx-include-dir=/usr/include/c++/3.3 --enable-shared --enable-__cxa_atexit --with-system-zlib --enable-nls --without-included-gettext --enable-clocale=gnu --enable-debug --enable-java-gc=boehm --enable-java-awt=xlib --enable-objc-gc i486-linux
Thread model: posix
gcc version 3.3.5 (Debian 1:3.3.5-13)
configure:4195: $? = 0
configure:4197: g++ -V </dev/null >&5
g++: `-V' option must have argument
configure:4200: $? = 1
configure:4203: checking whether we are using the GNU C++ compiler
configure:4227: g++ -c   conftest.cc >&5
configure:4233: $? = 0
configure:4236: test -z 			 || test ! -s conftest.err
configure:4239: $? = 0
configure:4242: test -s conftest.o
configure:4245: $? = 0
configure:4258: result: yes
configure:4264: checking whether g++ accepts -g
configure:4285: g++ -c -g  conftest.cc >&5
configure:4291: $? = 0
configure:4294: test -z 			 || test ! -s conftest.err
configure:4297: $? = 0
configure:4300: test -s conftest.o
configure:4303: $? = 0
configure:4314: result: yes
configure:4356: g++ -c -g -O2  conftest.cc >&5
configure:4362: $? = 0
configure:4365: test -z 			 || test ! -s conftest.err
configure:4368: $? = 0
configure:4371: test -s conftest.o
configure:4374: $? = 0
configure:4400: g++ -c -g -O2  conftest.cc >&5
conftest.cc: In function `int main()':
conftest.cc:26: error: `exit' undeclared (first use this function)
conftest.cc:26: error: (Each undeclared identifier is reported only once for 
   each function it appears in.)
configure:4406: $? = 1
configure: failed program was:
| /* confdefs.h.  */
| 
| #define PACKAGE_NAME ""
| #define PACKAGE_TARNAME ""
| #define PACKAGE_VERSION ""
| #define PACKAGE_STRING ""
| #define PACKAGE_BUGREPORT ""
| #define PACKAGE "examplealize"
| #define VERSION "0.900"
| #define STDC_HEADERS 1
| #define HAVE_SYS_TYPES_H 1
| #define HAVE_SYS_STAT_H 1
| #define HAVE_STDLIB_H 1
| #define HAVE_STRING_H 1
| #define HAVE_MEMORY_H 1
| #define HAVE_STRINGS_H 1
| #define HAVE_INTTYPES_H 1
| #define HAVE_STDINT_H 1
| #define HAVE_UNISTD_H 1
| #define HAVE_DLFCN_H 1
| /* end confdefs.h.  */
| 
| int
| main ()
| {
| exit (42);
|   ;
|   return 0;
| }
configure:4356: g++ -c -g -O2  conftest.cc >&5
configure:4362: $? = 0
configure:4365: test -z 			 || test ! -s conftest.err
configure:4368: $? = 0
configure:4371: test -s conftest.o
configure:4374: $? = 0
configure:4400: g++ -c -g -O2  conftest.cc >&5
configure:4406: $? = 0
configure:4409: test -z 			 || test ! -s conftest.err
configure:4412: $? = 0
configure:4415: test -s conftest.o
configure:4418: $? = 0
configure:4446: checking how to run the C++ preprocessor
configure:4477: g++ -E  conftest.cc
configure:4483: $? = 0
configure:4515: g++ -E  conftest.cc
conftest.cc:25:28: ac_nonexistent.h: No such file or directory
configure:4521: $? = 1
configure: failed program was:
| /* confdefs.h.  */
| 
| #define PACKAGE_NAME ""
| #define PACKAGE_TARNAME ""
| #define PACKAGE_VERSION ""
| #define PACKAGE_STRING ""
| #define PACKAGE_BUGREPORT ""
| #define PACKAGE "examplealize"
| #define VERSION "0.900"
| #define STDC_HEADERS 1
| #define HAVE_SYS_TYPES_H 1
| #define HAVE_SYS_STAT_H 1
| #define HAVE_STDLIB_H 1
| #define HAVE_STRING_H 1
| #define HAVE_MEMORY_H 1
| #define HAVE_STRINGS_H 1
| #define HAVE_INTTYPES_H 1
| #define HAVE_STDINT_H 1
| #define HAVE_UNISTD_H 1
| #define HAVE_DLFCN_H 1
| #ifdef __cplusplus
| extern "C" void std::exit (int) throw (); using std::exit;
| #endif
| /* end confdefs.h.  */
| #include <ac_nonexistent.h>
configure:4560: result: g++ -E
configure:4584: g++ -E  conftest.cc
configure:4590: $? = 0
configure:4622: g++ -E  conftest.cc
conftest.cc:25:28: ac_nonexistent.h: No such file or directory
configure:4628: $? = 1
configure: failed program was:
| /* confdefs.h.  */
| 
| #define PACKAGE_NAME ""
| #define PACKAGE_TARNAME ""
| #define PACKAGE_VERSION ""
| #define PACKAGE_STRING ""
| #define PACKAGE_BUGREPORT ""
| #define PACKAGE "examplealize"
| #define VERSION "0.900"
| #define STDC_HEADERS 1
| #define HAVE_SYS_TYPES_H 1
| #define HAVE_SYS_STAT_H 1
| #define HAVE_STDLIB_H 1
| #define HAVE_STRING_H 1
| #define HAVE_MEMORY_H 1
| #define HAVE_STRINGS_H 1
| #define HAVE_INTTYPES_H 1
| #define HAVE_STDINT_H 1
| #define HAVE_UNISTD_H 1
| #define HAVE_DLFCN_H 1
| #ifdef __cplusplus
| extern "C" void std::exit (int) throw (); using std::exit;
| #endif
| /* end confdefs.h.  */
| #include <ac_nonexistent.h>
configure:4723: checking for g77
configure:4752: result: no
configure:4723: checking for f77
configure:4752: result: no
configure:4723: checking for xlf
configure:4752: result: no
configure:4723: checking for frt
configure:4752: result: no
configure:4723: checking for pgf77
configure:4752: result: no
configure:4723: checking for fort77
configure:4752: result: no
configure:4723: checking for fl32
configure:4752: result: no
configure:4723: checking for af77
configure:4752: result: no
configure:4723: checking for f90
configure:4752: result: no
configure:4723: checking for xlf90
configure:4752: result: no
configure:4723: checking for pgf90
configure:4752: result: no
configure:4723: checking for epcf90
configure:4752: result: no
configure:4723: checking for f95
configure:4752: result: no
configure:4723: checking for fort
configure:4752: result: no
configure:4723: checking for xlf95
configure:4752: result: no
configure:4723: checking for ifc
configure:4752: result: no
configure:4723: checking for efc
configure:4752: result: no
configure:4723: checking for pgf95
configure:4752: result: no
configure:4723: checking for lf95
configure:4752: result: no
configure:4723: checking for gfortran
configure:4752: result: no
configure:4767: checking for Fortran 77 compiler version
configure:4767:  --version </dev/null >&5
./configure: line 1: --version: command not found
configure:4770: $? = 127
configure:4772:  -v </dev/null >&5
./configure: line 1: -v: command not found
configure:4775: $? = 127
configure:4777:  -V </dev/null >&5
./configure: line 1: -V: command not found
configure:4780: $? = 127
configure:4788: checking whether we are using the GNU Fortran 77 compiler
configure:4802:  -c  conftest.F >&5
./configure: line 1: -c: command not found
configure:4808: $? = 127
configure: failed program was:
|       program main
| #ifndef __GNUC__
|        choke me
| #endif
| 
|       end
configure:4833: result: no
configure:4839: checking whether  accepts -g
configure:4851:  -c -g conftest.f >&5
./configure: line 1: -c: command not found
configure:4857: $? = 127
configure: failed program was:
|       program main
| 
|       end
configure:4881: result: no
configure:4911: checking the maximum length of command line arguments
configure:4976: result: 32768
configure:4987: checking command to parse /usr/bin/nm -B output from gcc object
configure:5076: gcc -c -g -O2  conftest.c >&5
configure:5079: $? = 0
configure:5083: /usr/bin/nm -B conftest.o \| sed -n -e 's/^.*[ 	]\([ABCDGIRSTW][ABCDGIRSTW]*\)[ 	][ 	]*\(\)\([_A-Za-z][_A-Za-z0-9]*\)$/\1 \2\3 \3/p' \> conftest.nm
configure:5086: $? = 0
configure:5138: gcc -o conftest -g -O2   conftest.c conftstm.o >&5
configure:5141: $? = 0
configure:5179: result: ok
configure:5183: checking for objdir
configure:5198: result: .libs
configure:5288: checking for ar
configure:5304: found /usr/bin/ar
configure:5315: result: ar
configure:5368: checking for ranlib
configure:5384: found /usr/bin/ranlib
configure:5395: result: ranlib
configure:5448: checking for strip
configure:5464: found /usr/bin/strip
configure:5475: result: strip
configure:5737: checking if gcc static flag  works
configure:5760: result: yes
configure:5778: checking if gcc supports -fno-rtti -fno-exceptions
configure:5799: gcc -c -g -O2  -fno-rtti -fno-exceptions conftest.c >&5
cc1: warning: "-fno-rtti" is valid for C++ but not for C/ObjC
configure:5803: $? = 0
configure:5811: result: no
configure:5826: checking for gcc option to produce PIC
configure:6003: result: -fPIC
configure:6011: checking if gcc PIC flag -fPIC works
configure:6032: gcc -c -g -O2  -fPIC -DPIC conftest.c >&5
configure:6036: $? = 0
configure:6044: result: yes
configure:6068: checking if gcc supports -c -o file.o
configure:6092: gcc -c -g -O2  -o out/conftest2.o conftest.c >&5
configure:6096: $? = 0
configure:6113: result: yes
configure:6139: checking whether the gcc linker (/usr/bin/ld) supports shared libraries
configure:6986: result: yes
configure:7012: checking whether -lc should be explicitly linked in
configure:7017: gcc -c -g -O2  conftest.c >&5
configure:7020: $? = 0
configure:7034: gcc -shared conftest.o  -v -Wl,-soname -Wl,conftest -o conftest 2\>\&1 \| grep  -lc  \>/dev/null 2\>\&1
configure:7037: $? = 0
configure:7049: result: no
configure:7057: checking dynamic linker characteristics
configure:7609: result: GNU/Linux ld.so
configure:7613: checking how to hardcode library paths into programs
configure:7638: result: immediate
configure:7652: checking whether stripping libraries is possible
configure:7657: result: yes
configure:7782: checking for shl_load
configure:7839: gcc -o conftest -g -O2   conftest.c  >&5
/tmp/ccOEU1DA.o(.text+0x11): In function `main':
/laboinfo/RAL/users/wils/alize/ALIZE/example1/conftest.c:65: undefined reference to `shl_load'
/tmp/ccOEU1DA.o(.data+0x0):/laboinfo/RAL/users/wils/alize/ALIZE/example1/conftest.c:64: undefined reference to `shl_load'
collect2: ld returned 1 exit status
configure:7845: $? = 1
configure: failed program was:
| /* confdefs.h.  */
| 
| #define PACKAGE_NAME ""
| #define PACKAGE_TARNAME ""
| #define PACKAGE_VERSION ""
| #define PACKAGE_STRING ""
| #define PACKAGE_BUGREPORT ""
| #define PACKAGE "examplealize"
| #define VERSION "0.900"
| #define STDC_HEADERS 1
| #define HAVE_SYS_TYPES_H 1
| #define HAVE_SYS_STAT_H 1
| #define HAVE_STDLIB_H 1
| #define HAVE_STRING_H 1
| #define HAVE_MEMORY_H 1
| #define HAVE_STRINGS_H 1
| #define HAVE_INTTYPES_H 1
| #define HAVE_STDINT_H 1
| #define HAVE_UNISTD_H 1
| #define HAVE_DLFCN_H 1
| #ifdef __cplusplus
| extern "C" void std::exit (int) throw (); using std::exit;
| #endif
| /* end confdefs.h.  */
| /* Define shl_load to an innocuous variant, in case <limits.h> declares shl_load.
|    For example, HP-UX 11i <limits.h> declares gettimeofday.  */
| #define shl_load innocuous_shl_load
| 
| /* System header to define __stub macros and hopefully few prototypes,
|     which can conflict with char shl_load (); below.
|     Prefer <limits.h> to <assert.h> if __STDC__ is defined, since
|     <limits.h> exists even on freestanding compilers.  */
| 
| #ifdef __STDC__
| # include <limits.h>
| #else
| # include <assert.h>
| #endif
| 
| #undef shl_load
| 
| /* Override any gcc2 internal prototype to avoid an error.  */
| #ifdef __cplusplus
| extern "C"
| {
| #endif
| /* We use char because int might match the return type of a gcc2
|    builtin and then its argument prototype would still apply.  */
| char shl_load ();
| /* The GNU C library defines this for functions which it implements
|     to always fail with ENOSYS.  Some functions are actually named
|     something starting with __ and the normal name is an alias.  */
| #if defined (__stub_shl_load) || defined (__stub___shl_load)
| choke me
| #else
| char (*f) () = shl_load;
| #endif
| #ifdef __cplusplus
| }
| #endif
| 
| int
| main ()
| {
| return f != shl_load;
|   ;
|   return 0;
| }
configure:7869: result: no
configure:7874: checking for shl_load in -ldld
configure:7904: gcc -o conftest -g -O2   conftest.c -ldld   >&5
/usr/bin/ld: cannot find -ldld
collect2: ld returned 1 exit status
configure:7910: $? = 1
configure: failed program was:
| /* confdefs.h.  */
| 
| #define PACKAGE_NAME ""
| #define PACKAGE_TARNAME ""
| #define PACKAGE_VERSION ""
| #define PACKAGE_STRING ""
| #define PACKAGE_BUGREPORT ""
| #define PACKAGE "examplealize"
| #define VERSION "0.900"
| #define STDC_HEADERS 1
| #define HAVE_SYS_TYPES_H 1
| #define HAVE_SYS_STAT_H 1
| #define HAVE_STDLIB_H 1
| #define HAVE_STRING_H 1
| #define HAVE_MEMORY_H 1
| #define HAVE_STRINGS_H 1
| #define HAVE_INTTYPES_H 1
| #define HAVE_STDINT_H 1
| #define HAVE_UNISTD_H 1
| #define HAVE_DLFCN_H 1
| #ifdef __cplusplus
| extern "C" void std::exit (int) throw (); using std::exit;
| #endif
| /* end confdefs.h.  */
| 
| /* Override any gcc2 internal prototype to avoid an error.  */
| #ifdef __cplusplus
| extern "C"
| #endif
| /* We use char because int might match the return type of a gcc2
|    builtin and then its argument prototype would still apply.  */
| char shl_load ();
| int
| main ()
| {
| shl_load ();
|   ;
|   return 0;
| }
configure:7935: result: no
configure:7940: checking for dlopen
configure:7997: gcc -o conftest -g -O2   conftest.c  >&5
/tmp/ccoVYAiX.o(.text+0x11): In function `main':
/laboinfo/RAL/users/wils/alize/ALIZE/example1/conftest.c:65: undefined reference to `dlopen'
/tmp/ccoVYAiX.o(.data+0x0):/laboinfo/RAL/users/wils/alize/ALIZE/example1/conftest.c:64: undefined reference to `dlopen'
collect2: ld returned 1 exit status
configure:8003: $? = 1
configure: failed program was:
| /* confdefs.h.  */
| 
| #define PACKAGE_NAME ""
| #define PACKAGE_TARNAME ""
| #define PACKAGE_VERSION ""
| #define PACKAGE_STRING ""
| #define PACKAGE_BUGREPORT ""
| #define PACKAGE "examplealize"
| #define VERSION "0.900"
| #define STDC_HEADERS 1
| #define HAVE_SYS_TYPES_H 1
| #define HAVE_SYS_STAT_H 1
| #define HAVE_STDLIB_H 1
| #define HAVE_STRING_H 1
| #define HAVE_MEMORY_H 1
| #define HAVE_STRINGS_H 1
| #define HAVE_INTTYPES_H 1
| #define HAVE_STDINT_H 1
| #define HAVE_UNISTD_H 1
| #define HAVE_DLFCN_H 1
| #ifdef __cplusplus
| extern "C" void std::exit (int) throw (); using std::exit;
| #endif
| /* end confdefs.h.  */
| /* Define dlopen to an innocuous variant, in case <limits.h> declares dlopen.
|    For example, HP-UX 11i <limits.h> declares gettimeofday.  */
| #define dlopen innocuous_dlopen
| 
| /* System header to define __stub macros and hopefully few prototypes,
|     which can conflict with char dlopen (); below.
|     Prefer <limits.h> to <assert.h> if __STDC__ is defined, since
|     <limits.h> exists even on freestanding compilers.  */
| 
| #ifdef __STDC__
| # include <limits.h>
| #else
| # include <assert.h>
| #endif
| 
| #undef dlopen
| 
| /* Override any gcc2 internal prototype to avoid an error.  */
| #ifdef __cplusplus
| extern "C"
| {
| #endif
| /* We use char because int might match the return type of a gcc2
|    builtin and then its argument prototype would still apply.  */
| char dlopen ();
| /* The GNU C library defines this for functions which it implements
|     to always fail with ENOSYS.  Some functions are actually named
|     something starting with __ and the normal name is an alias.  */
| #if defined (__stub_dlopen) || defined (__stub___dlopen)
| choke me
| #else
| char (*f) () = dlopen;
| #endif
| #ifdef __cplusplus
| }
| #endif
| 
| int
| main ()
| {
| return f != dlopen;
|   ;
|   return 0;
| }
configure:8027: result: no
configure:8032: checking for dlopen in -ldl
configure:8062: gcc -o conftest -g -O2   conftest.c -ldl   >&5
configure:8068: $? = 0
configure:8071: test -z 			 || test ! -s conftest.err
configure:8074: $? = 0
configure:8077: test -s conftest
configure:8080: $? = 0
configure:8093: result: yes
configure:8266: checking whether a program can dlopen itself
configure:8338: gcc -o conftest -g -O2  -DHAVE_DLFCN_H  -Wl,--export-dynamic conftest.c -ldl  >&5
configure:8341: $? = 0
configure:8359: result: yes
configure:8364: checking whether a statically linked program can dlopen itself
configure:8436: gcc -o conftest -g -O2  -DHAVE_DLFCN_H  -Wl,--export-dynamic  conftest.c -ldl  >&5
configure:8439: $? = 0
configure:8457: result: yes
configure:8480: checking if libtool supports shared libraries
configure:8482: result: yes
configure:8485: checking whether to build shared libraries
configure:8543: result: yes
configure:8546: checking whether to build static libraries
configure:8550: result: yes
configure:8642: creating libtool
configure:9189: checking for ld used by g++
configure:9256: result: /usr/bin/ld
configure:9265: checking if the linker (/usr/bin/ld) is GNU ld
configure:9280: result: yes
configure:9331: checking whether the g++ linker (/usr/bin/ld) supports shared libraries
configure:10157: result: yes
configure:10175: g++ -c -g -O2  conftest.cc >&5
configure:10178: $? = 0
configure:10274: checking for g++ option to produce PIC
configure:10526: result: -fPIC
configure:10534: checking if g++ PIC flag -fPIC works
configure:10555: g++ -c -g -O2  -fPIC -DPIC conftest.cc >&5
configure:10559: $? = 0
configure:10567: result: yes
configure:10591: checking if g++ supports -c -o file.o
configure:10615: g++ -c -g -O2  -o out/conftest2.o conftest.cc >&5
configure:10619: $? = 0
configure:10636: result: yes
configure:10662: checking whether the g++ linker (/usr/bin/ld) supports shared libraries
configure:10690: result: yes
configure:10761: checking dynamic linker characteristics
configure:11313: result: GNU/Linux ld.so
configure:11317: checking how to hardcode library paths into programs
configure:11342: result: immediate
configure:11356: checking whether stripping libraries is possible
configure:11361: result: yes
configure:11486: checking for shl_load
configure:11573: result: no
configure:11578: checking for shl_load in -ldld
configure:11639: result: no
configure:11644: checking for dlopen
configure:11731: result: no
configure:11736: checking for dlopen in -ldl
configure:11797: result: yes
configure:11970: checking whether a program can dlopen itself
configure:12063: result: yes
configure:12068: checking whether a statically linked program can dlopen itself
configure:12161: result: yes
configure:18703: checking for C++ compiler version
configure:18706: g++ --version </dev/null >&5
g++ (GCC) 3.3.5 (Debian 1:3.3.5-13)
Copyright (C) 2003 Free Software Foundation, Inc.
This is free software; see the source for copying conditions.  There is NO
warranty; not even for MERCHANTABILITY or FITNESS FOR A PARTICULAR PURPOSE.

configure:18709: $? = 0
configure:18711: g++ -v </dev/null >&5
Reading specs from /usr/lib/gcc-lib/i486-linux/3.3.5/specs
Configured with: ../src/configure -v --enable-languages=c,c++,java,f77,pascal,objc,ada,treelang --prefix=/usr --mandir=/usr/share/man --infodir=/usr/share/info --with-gxx-include-dir=/usr/include/c++/3.3 --enable-shared --enable-__cxa_atexit --with-system-zlib --enable-nls --without-included-gettext --enable-clocale=gnu --enable-debug --enable-java-gc=boehm --enable-java-awt=xlib --enable-objc-gc i486-linux
Thread model: posix
gcc version 3.3.5 (Debian 1:3.3.5-13)
configure:18714: $? = 0
configure:18716: g++ -V </dev/null >&5
g++: `-V' option must have argument
configure:18719: $? = 1
configure:18722: checking whether we are using the GNU C++ compiler
configure:18777: result: yes
configure:18783: checking whether g++ accepts -g
configure:18833: result: yes
configure:18875: g++ -c   conftest.cc >&5
configure:18881: $? = 0
configure:18884: test -z 			 || test ! -s conftest.err
configure:18887: $? = 0
configure:18890: test -s conftest.o
configure:18893: $? = 0
configure:18919: g++ -c   conftest.cc >&5
configure:18925: $? = 0
configure:18928: test -z 			 || test ! -s conftest.err
configure:18931: $? = 0
configure:18934: test -s conftest.o
configure:18937: $? = 0
configure:18974: checking for a BSD-compatible install
configure:19029: result: /usr/bin/install -c
configure:19168: creating ./config.status

## ---------------------- ##
## Running config.status. ##
## ---------------------- ##

This file was extended by config.status, which was
generated by GNU Autoconf 2.59.  Invocation command line was

  CONFIG_FILES    = 
  CONFIG_HEADERS  = 
  CONFIG_LINKS    = 
  CONFIG_COMMANDS = 
  $ ./config.status 

on jack.iup.univ-avignon.fr

config.status:713: creating Makefile
config.status:713: creating src/Makefile

## ---------------- ##
## Cache variables. ##
## ---------------- ##

ac_cv_build=i686-pc-linux-gnu
ac_cv_build_alias=i686-pc-linux-gnu
ac_cv_c_compiler_gnu=yes
ac_cv_cxx_compiler_gnu=yes
ac_cv_env_CC_set=
ac_cv_env_CC_value=
ac_cv_env_CFLAGS_set=
ac_cv_env_CFLAGS_value=
ac_cv_env_CPPFLAGS_set=
ac_cv_env_CPPFLAGS_value=
ac_cv_env_CPP_set=
ac_cv_env_CPP_value=
ac_cv_env_CXXCPP_set=
ac_cv_env_CXXCPP_value=
ac_cv_env_CXXFLAGS_set=
ac_cv_env_CXXFLAGS_value=
ac_cv_env_CXX_set=
ac_cv_env_CXX_value=
ac_cv_env_F77_set=
ac_cv_env_F77_value=
ac_cv_env_FFLAGS_set=
ac_cv_env_FFLAGS_value=
ac_cv_env_LDFLAGS_set=
ac_cv_env_LDFLAGS_value=
ac_cv_env_build_alias_set=
ac_cv_env_build_alias_value=
ac_cv_env_host_alias_set=
ac_cv_env_host_alias_value=
ac_cv_env_target_alias_set=
ac_cv_env_target_alias_value=
ac_cv_exeext=
ac_cv_f77_compiler_gnu=no
ac_cv_func_dlopen=no
ac_cv_func_shl_load=no
ac_cv_header_dlfcn_h=yes
ac_cv_header_inttypes_h=yes
ac_cv_header_memory_h=yes
ac_cv_header_stdc=yes
ac_cv_header_stdint_h=yes
ac_cv_header_stdlib_h=yes
ac_cv_header_string_h=yes
ac_cv_header_strings_h=yes
ac_cv_header_sys_stat_h=yes
ac_cv_header_sys_types_h=yes
ac_cv_header_unistd_h=yes
ac_cv_host=i686-pc-linux-gnu
ac_cv_host_alias=i686-pc-linux-gnu
ac_cv_lib_dl_dlopen=yes
ac_cv_lib_dld_shl_load=no
ac_cv_objext=o
ac_cv_path_install='/usr/bin/install -c'
ac_cv_prog_CPP='gcc -E'
ac_cv_prog_CXXCPP='g++ -E'
ac_cv_prog_ac_ct_AR=ar
ac_cv_prog_ac_ct_CC=gcc
ac_cv_prog_ac_ct_CXX=g++
ac_cv_prog_ac_ct_RANLIB=ranlib
ac_cv_prog_ac_ct_STRIP=strip
ac_cv_prog_cc_g=yes
ac_cv_prog_cc_stdc=
ac_cv_prog_cxx_g=yes
ac_cv_prog_egrep='grep -E'
ac_cv_prog_f77_g=no
ac_cv_prog_make_make_set=yes
lt_cv_deplibs_check_method=pass_all
lt_cv_dlopen=dlopen
lt_cv_dlopen_libs=-ldl
lt_cv_dlopen_self=yes
lt_cv_dlopen_self_static=yes
lt_cv_file_magic_cmd='$MAGIC_CMD'
lt_cv_file_magic_test_file=
lt_cv_ld_reload_flag=-r
lt_cv_objdir=.libs
lt_cv_path_LD=/usr/bin/ld
lt_cv_path_LDCXX=/usr/bin/ld
lt_cv_path_NM='/usr/bin/nm -B'
lt_cv_path_SED=/bin/sed
lt_cv_prog_compiler_c_o=yes
lt_cv_prog_compiler_c_o_CXX=yes
lt_cv_prog_compiler_rtti_exceptions=no
lt_cv_prog_gnu_ld=yes
lt_cv_prog_gnu_ldcxx=yes
lt_cv_sys_global_symbol_pipe='sed -n -e '\''s/^.*[ 	]\([ABCDGIRSTW][ABCDGIRSTW]*\)[ 	][ 	]*\(\)\([_A-Za-z][_A-Za-z0-9]*\)$/\1 \2\3 \3/p'\'''
lt_cv_sys_global_symbol_to_c_name_address='sed -n -e '\''s/^: \([^ ]*\) $/  {\"\1\", (lt_ptr) 0},/p'\'' -e '\''s/^[BCDEGRST] \([^ ]*\) \([^ ]*\)$/  {"\2", (lt_ptr) \&\2},/p'\'''
lt_cv_sys_global_symbol_to_cdecl='sed -n -e '\''s/^. .* \(.*\)$/extern int \1;/p'\'''
lt_cv_sys_max_cmd_len=32768
lt_lt_cv_prog_compiler_c_o='"yes"'
lt_lt_cv_prog_compiler_c_o_CXX='"yes"'
lt_lt_cv_sys_global_symbol_pipe='"sed -n -e '\''s/^.*[ 	]\\([ABCDGIRSTW][ABCDGIRSTW]*\\)[ 	][ 	]*\\(\\)\\([_A-Za-z][_A-Za-z0-9]*\\)\$/\\1 \\2\\3 \\3/p'\''"'
lt_lt_cv_sys_global_symbol_to_c_name_address='"sed -n -e '\''s/^: \\([^ ]*\\) \$/  {\\\"\\1\\\", (lt_ptr) 0},/p'\'' -e '\''s/^[BCDEGRST] \\([^ ]*\\) \\([^ ]*\\)\$/  {\"\\2\", (lt_ptr) \\&\\2},/p'\''"'
lt_lt_cv_sys_global_symbol_to_cdecl='"sed -n -e '\''s/^. .* \\(.*\\)\$/extern int \\1;/p'\''"'

## ----------------- ##
## Output variables. ##
## ----------------- ##

ACLOCAL='aclocal-1.4'
AR='ar'
AUTOCONF='autoconf'
AUTOHEADER='autoheader'
AUTOMAKE='automake-1.4'
CC='gcc'
CFLAGS='-g -O2'
CPP='gcc -E'
CPPFLAGS=''
CXX='g++'
CXXCPP='g++ -E'
CXXFLAGS=''
DEFS='-DPACKAGE_NAME=\"\" -DPACKAGE_TARNAME=\"\" -DPACKAGE_VERSION=\"\" -DPACKAGE_STRING=\"\" -DPACKAGE_BUGREPORT=\"\" -DPACKAGE=\"examplealize\" -DVERSION=\"0.900\" -DSTDC_HEADERS=1 -DHAVE_SYS_TYPES_H=1 -DHAVE_SYS_STAT_H=1 -DHAVE_STDLIB_H=1 -DHAVE_STRING_H=1 -DHAVE_MEMORY_H=1 -DHAVE_STRINGS_H=1 -DHAVE_INTTYPES_H=1 -DHAVE_STDINT_H=1 -DHAVE_UNISTD_H=1 -DHAVE_DLFCN_H=1 '
ECHO='echo'
ECHO_C=''
ECHO_N='-n'
ECHO_T=''
EGREP='grep -E'
EXEEXT=''
F77=''
FFLAGS=''
INSTALL_DATA='${INSTALL} -m 644'
INSTALL_PROGRAM='${INSTALL}'
INSTALL_SCRIPT='${INSTALL}'
LDFLAGS=''
LIBOBJS=''
LIBS=''
LIBTOOL='$(SHELL) $(top_builddir)/libtool'
LN_S='ln -s'
LTLIBOBJS=''
MAKEINFO='makeinfo'
OBJEXT='o'
PACKAGE='examplealize'
PACKAGE_BUGREPORT=''
PACKAGE_NAME=''
PACKAGE_STRING=''
PACKAGE_TARNAME=''
PACKAGE_VERSION=''
PATH_SEPARATOR=':'
RANLIB='ranlib'
SET_MAKE=''
SHELL='/bin/sh'
STRIP='strip'
VERSION='0.900'
ac_ct_AR='ar'
ac_ct_CC='gcc'
ac_ct_CXX='g++'
ac_ct_F77=''
ac_ct_RANLIB='ranlib'
ac_ct_STRIP='strip'
bindir='${exec_prefix}/bin'
build='i686-pc-linux-gnu'
build_alias=''
build_cpu='i686'
build_os='linux-gnu'
build_vendor='pc'
datadir='${prefix}/share'
exec_prefix='${prefix}'
host='i686-pc-linux-gnu'
host_alias=''
host_cpu='i686'
host_os='linux-gnu'
host_vendor='pc'
includedir='${prefix}/include'
infodir='${prefix}/info'
libdir='${exec_prefix}/lib'
libexecdir='${exec_prefix}/libexec'
localstatedir='${prefix}/var'
mandir='${prefix}/man'
oldincludedir='/usr/include'
prefix='/laboinfo/RAL/users/wils/alize/ALIZE/example1'
program_transform_name='s,x,x,'
sbindir='${exec_prefix}/sbin'
sharedstatedir='${prefix}/com'
sysconfdir='${prefix}/etc'
target_alias=''

## ----------- ##
## confdefs.h. ##
## ----------- ##

#define HAVE_DLFCN_H 1
#define HAVE_INTTYPES_H 1
#define HAVE_MEMORY_H 1
#define HAVE_STDINT_H 1
#define HAVE_STDLIB_H 1
#define HAVE_STRINGS_H 1
#define HAVE_STRING_H 1
#define HAVE_SYS_STAT_H 1
#define HAVE_SYS_TYPES_H 1
#define HAVE_UNISTD_H 1
#define PACKAGE "examplealize"
#define PACKAGE_BUGREPORT ""
#define PACKAGE_NAME ""
#define PACKAGE_STRING ""
#define PACKAGE_TARNAME ""
#define PACKAGE_VERSION ""
#define STDC_HEADERS 1
#define VERSION "0.900"
#endif
#ifdef __cplusplus
extern "C" void std::exit (int) throw (); using std::exit;

configure: exit 0

## ---------------------- ##
## Running config.status. ##
## ---------------------- ##

This file was extended by config.status, which was
generated by GNU Autoconf 2.59.  Invocation command line was

  CONFIG_FILES    = Makefile
  CONFIG_HEADERS  = 
  CONFIG_LINKS    = 
  CONFIG_COMMANDS = 
  $ ./config.status 

on jack.iup.univ-avignon.fr

config.status:713: creating Makefile

## ---------------------- ##
## Running config.status. ##
## ---------------------- ##

This file was extended by config.status, which was
generated by GNU Autoconf 2.59.  Invocation command line was

  CONFIG_FILES    = src/Makefile
  CONFIG_HEADERS  = 
  CONFIG_LINKS    = 
  CONFIG_COMMANDS = 
  $ ./config.status 

on jack.iup.univ-avignon.fr

config.status:713: creating src/Makefile
